[2021-12-19 20:15:29] [ DEBUG] [ResolverUtil$Test:53] Log desde debug
[2021-12-19 20:15:29] [ INFO ] [ResolverUtil$Test:54] log desde info
[2021-12-19 20:15:29] [ WARN ] [ResolverUtil$Test:55] log desde warn
[2021-12-19 20:15:29] [ ERROR] [ResolverUtil$Test:56] log desde error  
[2021-12-19 20:15:29] [ FATAL] [ResolverUtil$Test:57] log desde fatal
[2021-12-19 20:46:04] [ DEBUG] [ResolverUtil$Test:94] Log desde debug
[2021-12-19 20:46:04] [ INFO ] [ResolverUtil$Test:95] log desde info
[2021-12-19 20:46:04] [ WARN ] [ResolverUtil$Test:96] log desde warn
[2021-12-19 20:46:04] [ ERROR] [ResolverUtil$Test:97] log desde error  
[2021-12-19 20:46:04] [ FATAL] [ResolverUtil$Test:98] log desde fatal
[2021-12-19 20:46:45] [ DEBUG] [ResolverUtil$Test:94] Log desde debug
[2021-12-19 20:46:45] [ INFO ] [ResolverUtil$Test:95] log desde info
[2021-12-19 20:46:45] [ WARN ] [ResolverUtil$Test:96] log desde warn
[2021-12-19 20:46:45] [ ERROR] [ResolverUtil$Test:97] log desde error  
[2021-12-19 20:46:45] [ FATAL] [ResolverUtil$Test:98] log desde fatal
[2021-12-19 20:48:16] [ DEBUG] [ResolverUtil$Test:94] Log desde debug
[2021-12-19 20:48:16] [ INFO ] [ResolverUtil$Test:95] log desde info
[2021-12-19 20:48:16] [ WARN ] [ResolverUtil$Test:96] log desde warn
[2021-12-19 20:48:16] [ ERROR] [ResolverUtil$Test:97] log desde error  
[2021-12-19 20:48:16] [ FATAL] [ResolverUtil$Test:98] log desde fatal
[2021-12-19 20:49:11] [ DEBUG] [ResolverUtil$Test:94] Log desde debug
[2021-12-19 20:49:11] [ INFO ] [ResolverUtil$Test:95] log desde info
[2021-12-19 20:49:11] [ WARN ] [ResolverUtil$Test:96] log desde warn
[2021-12-19 20:49:11] [ ERROR] [ResolverUtil$Test:97] log desde error  
[2021-12-19 20:49:11] [ FATAL] [ResolverUtil$Test:98] log desde fatal
[2021-12-19 20:50:51] [ DEBUG] [ResolverUtil$Test:94] Log desde debug
[2021-12-19 20:50:51] [ INFO ] [ResolverUtil$Test:95] log desde info
[2021-12-19 20:50:51] [ WARN ] [ResolverUtil$Test:96] log desde warn
[2021-12-19 20:50:51] [ ERROR] [ResolverUtil$Test:97] log desde error  
[2021-12-19 20:50:51] [ FATAL] [ResolverUtil$Test:98] log desde fatal
[2021-12-19 20:52:00] [ DEBUG] [ResolverUtil$Test:94] Log desde debug
[2021-12-19 20:52:00] [ INFO ] [ResolverUtil$Test:95] log desde info
[2021-12-19 20:52:00] [ WARN ] [ResolverUtil$Test:96] log desde warn
[2021-12-19 20:52:00] [ ERROR] [ResolverUtil$Test:97] log desde error  
[2021-12-19 20:52:00] [ FATAL] [ResolverUtil$Test:98] log desde fatal
[2021-12-19 20:53:30] [ DEBUG] [ResolverUtil$Test:53] Log desde debug
[2021-12-19 20:53:30] [ INFO ] [ResolverUtil$Test:54] log desde info
[2021-12-19 20:53:30] [ WARN ] [ResolverUtil$Test:55] log desde warn
[2021-12-19 20:53:30] [ ERROR] [ResolverUtil$Test:56] log desde error  
[2021-12-19 20:53:30] [ FATAL] [ResolverUtil$Test:57] log desde fatal
[2021-12-19 20:54:31] [ DEBUG] [ResolverUtil$Test:53] Log desde debug
[2021-12-19 20:54:31] [ INFO ] [ResolverUtil$Test:54] log desde info
[2021-12-19 20:54:31] [ WARN ] [ResolverUtil$Test:55] log desde warn
[2021-12-19 20:54:31] [ ERROR] [ResolverUtil$Test:56] log desde error  
[2021-12-19 20:54:31] [ FATAL] [ResolverUtil$Test:57] log desde fatal
[2021-12-19 20:55:40] [ DEBUG] [ResolverUtil$Test:96] Log desde debug
[2021-12-19 20:55:40] [ INFO ] [ResolverUtil$Test:97] log desde info
[2021-12-19 20:55:40] [ WARN ] [ResolverUtil$Test:98] log desde warn
[2021-12-19 20:55:40] [ ERROR] [ResolverUtil$Test:99] log desde error  
[2021-12-19 20:55:40] [ FATAL] [ResolverUtil$Test:100] log desde fatal
[2021-12-19 20:57:00] [ DEBUG] [ResolverUtil$Test:53] Log desde debug
[2021-12-19 20:57:00] [ INFO ] [ResolverUtil$Test:54] log desde info
[2021-12-19 20:57:00] [ WARN ] [ResolverUtil$Test:55] log desde warn
[2021-12-19 20:57:00] [ ERROR] [ResolverUtil$Test:56] log desde error  
[2021-12-19 20:57:00] [ FATAL] [ResolverUtil$Test:57] log desde fatal
[2021-12-19 20:59:07] [ DEBUG] [ResolverUtil$Test:95] Log desde debug
[2021-12-19 20:59:07] [ INFO ] [ResolverUtil$Test:96] log desde info
[2021-12-19 20:59:07] [ WARN ] [ResolverUtil$Test:97] log desde warn
[2021-12-19 20:59:07] [ ERROR] [ResolverUtil$Test:98] log desde error  
[2021-12-19 20:59:07] [ FATAL] [ResolverUtil$Test:99] log desde fatal
[2021-12-19 21:00:29] [ DEBUG] [ResolverUtil$Test:93] Log desde debug
[2021-12-19 21:00:29] [ INFO ] [ResolverUtil$Test:94] log desde info
[2021-12-19 21:00:29] [ WARN ] [ResolverUtil$Test:95] log desde warn
[2021-12-19 21:00:29] [ ERROR] [ResolverUtil$Test:96] log desde error  
[2021-12-19 21:00:29] [ FATAL] [ResolverUtil$Test:97] log desde fatal
[2021-12-19 21:01:25] [ DEBUG] [ResolverUtil$Test:93] Log desde debug
[2021-12-19 21:01:25] [ INFO ] [ResolverUtil$Test:94] log desde info
[2021-12-19 21:01:25] [ WARN ] [ResolverUtil$Test:95] log desde warn
[2021-12-19 21:01:25] [ ERROR] [ResolverUtil$Test:96] log desde error  
[2021-12-19 21:01:25] [ FATAL] [ResolverUtil$Test:97] log desde fatal
[2021-12-19 21:05:55] [ DEBUG] [ResolverUtil$Test:93] Log desde debug
[2021-12-19 21:05:55] [ INFO ] [ResolverUtil$Test:94] log desde info
[2021-12-19 21:05:55] [ WARN ] [ResolverUtil$Test:95] log desde warn
[2021-12-19 21:05:55] [ ERROR] [ResolverUtil$Test:96] log desde error  
[2021-12-19 21:05:55] [ FATAL] [ResolverUtil$Test:97] log desde fatal
[2021-12-19 21:07:22] [ DEBUG] [ResolverUtil$Test:93] Log desde debug
[2021-12-19 21:07:22] [ INFO ] [ResolverUtil$Test:94] log desde info
[2021-12-19 21:07:22] [ WARN ] [ResolverUtil$Test:95] log desde warn
[2021-12-19 21:07:22] [ ERROR] [ResolverUtil$Test:96] log desde error  
[2021-12-19 21:07:22] [ FATAL] [ResolverUtil$Test:97] log desde fatal
[2021-12-19 21:10:24] [ DEBUG] [ResolverUtil$Test:93] Log desde debug
[2021-12-19 21:10:24] [ INFO ] [ResolverUtil$Test:94] log desde info
[2021-12-19 21:10:24] [ WARN ] [ResolverUtil$Test:95] log desde warn
[2021-12-19 21:10:24] [ ERROR] [ResolverUtil$Test:96] log desde error  
[2021-12-19 21:10:24] [ FATAL] [ResolverUtil$Test:97] log desde fatal
[2021-12-19 21:12:23] [ DEBUG] [ResolverUtil$Test:94] Log desde debug
[2021-12-19 21:12:23] [ INFO ] [ResolverUtil$Test:95] log desde info
[2021-12-19 21:12:23] [ WARN ] [ResolverUtil$Test:96] log desde warn
[2021-12-19 21:12:23] [ ERROR] [ResolverUtil$Test:97] log desde error  
[2021-12-19 21:12:23] [ FATAL] [ResolverUtil$Test:98] log desde fatal
[2021-12-19 21:13:29] [ DEBUG] [ResolverUtil$Test:94] Log desde debug
[2021-12-19 21:13:29] [ INFO ] [ResolverUtil$Test:95] log desde info
[2021-12-19 21:13:29] [ WARN ] [ResolverUtil$Test:96] log desde warn
[2021-12-19 21:13:29] [ ERROR] [ResolverUtil$Test:97] log desde error  
[2021-12-19 21:13:29] [ FATAL] [ResolverUtil$Test:98] log desde fatal
[2021-12-19 21:15:40] [ DEBUG] [ResolverUtil$Test:94] Log desde debug
[2021-12-19 21:15:40] [ INFO ] [ResolverUtil$Test:95] log desde info
[2021-12-19 21:15:40] [ WARN ] [ResolverUtil$Test:96] log desde warn
[2021-12-19 21:15:40] [ ERROR] [ResolverUtil$Test:97] log desde error  
[2021-12-19 21:15:40] [ FATAL] [ResolverUtil$Test:98] log desde fatal
[2021-12-19 21:16:45] [ DEBUG] [ResolverUtil$Test:94] Log desde debug
[2021-12-19 21:16:45] [ INFO ] [ResolverUtil$Test:95] log desde info
[2021-12-19 21:16:45] [ WARN ] [ResolverUtil$Test:96] log desde warn
[2021-12-19 21:16:45] [ ERROR] [ResolverUtil$Test:97] log desde error  
[2021-12-19 21:16:45] [ FATAL] [ResolverUtil$Test:98] log desde fatal
[2021-12-19 21:17:54] [ DEBUG] [ResolverUtil$Test:94] Log desde debug
[2021-12-19 21:17:54] [ INFO ] [ResolverUtil$Test:95] log desde info
[2021-12-19 21:17:54] [ WARN ] [ResolverUtil$Test:96] log desde warn
[2021-12-19 21:17:54] [ ERROR] [ResolverUtil$Test:97] log desde error  
[2021-12-19 21:17:54] [ FATAL] [ResolverUtil$Test:98] log desde fatal
[2021-12-19 21:20:50] [ DEBUG] [ResolverUtil$Test:94] Log desde debug
[2021-12-19 21:20:50] [ INFO ] [ResolverUtil$Test:95] log desde info
[2021-12-19 21:20:50] [ WARN ] [ResolverUtil$Test:96] log desde warn
[2021-12-19 21:20:50] [ ERROR] [ResolverUtil$Test:97] log desde error  
[2021-12-19 21:20:50] [ FATAL] [ResolverUtil$Test:98] log desde fatal
[2021-12-19 21:23:12] [ DEBUG] [ResolverUtil$Test:94] Log desde debug
[2021-12-19 21:23:12] [ INFO ] [ResolverUtil$Test:95] log desde info
[2021-12-19 21:23:12] [ WARN ] [ResolverUtil$Test:96] log desde warn
[2021-12-19 21:23:12] [ ERROR] [ResolverUtil$Test:97] log desde error  
[2021-12-19 21:23:12] [ FATAL] [ResolverUtil$Test:98] log desde fatal
[2021-12-19 21:31:38] [ DEBUG] [ResolverUtil$Test:94] Log desde debug
[2021-12-19 21:31:38] [ INFO ] [ResolverUtil$Test:95] log desde info
[2021-12-19 21:31:38] [ WARN ] [ResolverUtil$Test:96] log desde warn
[2021-12-19 21:31:38] [ ERROR] [ResolverUtil$Test:97] log desde error  
[2021-12-19 21:31:38] [ FATAL] [ResolverUtil$Test:98] log desde fatal
[2021-12-19 21:36:39] [ DEBUG] [ResolverUtil$Test:94] Log desde debug
[2021-12-19 21:36:39] [ INFO ] [ResolverUtil$Test:95] log desde info
[2021-12-19 21:36:39] [ WARN ] [ResolverUtil$Test:96] log desde warn
[2021-12-19 21:36:39] [ ERROR] [ResolverUtil$Test:97] log desde error  
[2021-12-19 21:36:39] [ FATAL] [ResolverUtil$Test:98] log desde fatal
[2021-12-19 21:40:48] [ DEBUG] [ResolverUtil$Test:94] Log desde debug
[2021-12-19 21:40:48] [ INFO ] [ResolverUtil$Test:95] log desde info
[2021-12-19 21:40:48] [ WARN ] [ResolverUtil$Test:96] log desde warn
[2021-12-19 21:40:48] [ ERROR] [ResolverUtil$Test:97] log desde error  
[2021-12-19 21:40:48] [ FATAL] [ResolverUtil$Test:98] log desde fatal
[2021-12-19 21:42:15] [ DEBUG] [ResolverUtil$Test:94] Log desde debug
[2021-12-19 21:42:15] [ INFO ] [ResolverUtil$Test:95] log desde info
[2021-12-19 21:42:15] [ WARN ] [ResolverUtil$Test:96] log desde warn
[2021-12-19 21:42:15] [ ERROR] [ResolverUtil$Test:97] log desde error  
[2021-12-19 21:42:15] [ FATAL] [ResolverUtil$Test:98] log desde fatal
[2021-12-19 21:43:45] [ DEBUG] [ResolverUtil$Test:94] Log desde debug
[2021-12-19 21:43:45] [ INFO ] [ResolverUtil$Test:95] log desde info
[2021-12-19 21:43:45] [ WARN ] [ResolverUtil$Test:96] log desde warn
[2021-12-19 21:43:45] [ ERROR] [ResolverUtil$Test:97] log desde error  
[2021-12-19 21:43:45] [ FATAL] [ResolverUtil$Test:98] log desde fatal
[2021-12-19 21:45:31] [ DEBUG] [ResolverUtil$Test:94] Log desde debug
[2021-12-19 21:45:31] [ INFO ] [ResolverUtil$Test:95] log desde info
[2021-12-19 21:45:31] [ WARN ] [ResolverUtil$Test:96] log desde warn
[2021-12-19 21:45:31] [ ERROR] [ResolverUtil$Test:97] log desde error  
[2021-12-19 21:45:31] [ FATAL] [ResolverUtil$Test:98] log desde fatal
[2021-12-19 21:51:23] [ DEBUG] [ResolverUtil$Test:94] Log desde debug
[2021-12-19 21:51:23] [ INFO ] [ResolverUtil$Test:95] log desde info
[2021-12-19 21:51:23] [ WARN ] [ResolverUtil$Test:96] log desde warn
[2021-12-19 21:51:23] [ ERROR] [ResolverUtil$Test:97] log desde error  
[2021-12-19 21:51:23] [ FATAL] [ResolverUtil$Test:98] log desde fatal
[2021-12-19 21:52:37] [ DEBUG] [ResolverUtil$Test:94] Log desde debug
[2021-12-19 21:52:37] [ INFO ] [ResolverUtil$Test:95] log desde info
[2021-12-19 21:52:37] [ WARN ] [ResolverUtil$Test:96] log desde warn
[2021-12-19 21:52:37] [ ERROR] [ResolverUtil$Test:97] log desde error  
[2021-12-19 21:52:37] [ FATAL] [ResolverUtil$Test:98] log desde fatal
[2021-12-19 21:55:52] [ DEBUG] [ResolverUtil$Test:94] Log desde debug
[2021-12-19 21:55:52] [ INFO ] [ResolverUtil$Test:95] log desde info
[2021-12-19 21:55:52] [ WARN ] [ResolverUtil$Test:96] log desde warn
[2021-12-19 21:55:52] [ ERROR] [ResolverUtil$Test:97] log desde error  
[2021-12-19 21:55:52] [ FATAL] [ResolverUtil$Test:98] log desde fatal
[2021-12-19 21:56:52] [ DEBUG] [ResolverUtil$Test:94] Log desde debug
[2021-12-19 21:56:52] [ INFO ] [ResolverUtil$Test:95] log desde info
[2021-12-19 21:56:52] [ WARN ] [ResolverUtil$Test:96] log desde warn
[2021-12-19 21:56:52] [ ERROR] [ResolverUtil$Test:97] log desde error  
[2021-12-19 21:56:52] [ FATAL] [ResolverUtil$Test:98] log desde fatal
[2021-12-19 21:58:24] [ DEBUG] [ResolverUtil$Test:94] Log desde debug
[2021-12-19 21:58:24] [ INFO ] [ResolverUtil$Test:95] log desde info
[2021-12-19 21:58:24] [ WARN ] [ResolverUtil$Test:96] log desde warn
[2021-12-19 21:58:24] [ ERROR] [ResolverUtil$Test:97] log desde error  
[2021-12-19 21:58:24] [ FATAL] [ResolverUtil$Test:98] log desde fatal
[2021-12-19 21:59:18] [ DEBUG] [ResolverUtil$Test:94] Log desde debug
[2021-12-19 21:59:18] [ INFO ] [ResolverUtil$Test:95] log desde info
[2021-12-19 21:59:18] [ WARN ] [ResolverUtil$Test:96] log desde warn
[2021-12-19 21:59:18] [ ERROR] [ResolverUtil$Test:97] log desde error  
[2021-12-19 21:59:18] [ FATAL] [ResolverUtil$Test:98] log desde fatal
[2021-12-19 22:00:22] [ DEBUG] [ResolverUtil$Test:94] Log desde debug
[2021-12-19 22:00:22] [ INFO ] [ResolverUtil$Test:95] log desde info
[2021-12-19 22:00:22] [ WARN ] [ResolverUtil$Test:96] log desde warn
[2021-12-19 22:00:22] [ ERROR] [ResolverUtil$Test:97] log desde error  
[2021-12-19 22:00:22] [ FATAL] [ResolverUtil$Test:98] log desde fatal
[2021-12-19 22:04:01] [ DEBUG] [ResolverUtil$Test:94] Log desde debug
[2021-12-19 22:04:01] [ INFO ] [ResolverUtil$Test:95] log desde info
[2021-12-19 22:04:01] [ WARN ] [ResolverUtil$Test:96] log desde warn
[2021-12-19 22:04:01] [ ERROR] [ResolverUtil$Test:97] log desde error  
[2021-12-19 22:04:01] [ FATAL] [ResolverUtil$Test:98] log desde fatal
[2021-12-19 22:31:37] [ DEBUG] [ResolverUtil$Test:96] Log desde debug
[2021-12-19 22:31:37] [ INFO ] [ResolverUtil$Test:97] log desde info
[2021-12-19 22:31:37] [ WARN ] [ResolverUtil$Test:98] log desde warn
[2021-12-19 22:31:37] [ ERROR] [ResolverUtil$Test:99] log desde error  
[2021-12-19 22:31:37] [ FATAL] [ResolverUtil$Test:100] log desde fatal
[2021-12-19 22:37:09] [ DEBUG] [ResolverUtil$Test:96] Log desde debug
[2021-12-19 22:37:09] [ INFO ] [ResolverUtil$Test:97] log desde info
[2021-12-19 22:37:09] [ WARN ] [ResolverUtil$Test:98] log desde warn
[2021-12-19 22:37:09] [ ERROR] [ResolverUtil$Test:99] log desde error  
[2021-12-19 22:37:09] [ FATAL] [ResolverUtil$Test:100] log desde fatal
[2021-12-19 22:40:17] [ DEBUG] [ResolverUtil$Test:96] Log desde debug
[2021-12-19 22:40:17] [ INFO ] [ResolverUtil$Test:97] log desde info
[2021-12-19 22:40:17] [ WARN ] [ResolverUtil$Test:98] log desde warn
[2021-12-19 22:40:17] [ ERROR] [ResolverUtil$Test:99] log desde error  
[2021-12-19 22:40:17] [ FATAL] [ResolverUtil$Test:100] log desde fatal
[2021-12-19 22:55:21] [ DEBUG] [ResolverUtil$Test:96] Log desde debug
[2021-12-19 22:55:21] [ INFO ] [ResolverUtil$Test:97] log desde info
[2021-12-19 22:55:21] [ WARN ] [ResolverUtil$Test:98] log desde warn
[2021-12-19 22:55:21] [ ERROR] [ResolverUtil$Test:99] log desde error  
[2021-12-19 22:55:21] [ FATAL] [ResolverUtil$Test:100] log desde fatal
[2021-12-19 23:01:15] [ DEBUG] [ResolverUtil$Test:96] Log desde debug
[2021-12-19 23:01:15] [ INFO ] [ResolverUtil$Test:97] log desde info
[2021-12-19 23:01:15] [ WARN ] [ResolverUtil$Test:98] log desde warn
[2021-12-19 23:01:15] [ ERROR] [ResolverUtil$Test:99] log desde error  
[2021-12-19 23:01:15] [ FATAL] [ResolverUtil$Test:100] log desde fatal
[2021-12-19 23:03:01] [ DEBUG] [ResolverUtil$Test:96] Log desde debug
[2021-12-19 23:03:01] [ INFO ] [ResolverUtil$Test:97] log desde info
[2021-12-19 23:03:01] [ WARN ] [ResolverUtil$Test:98] log desde warn
[2021-12-19 23:03:01] [ ERROR] [ResolverUtil$Test:99] log desde error  
[2021-12-19 23:03:01] [ FATAL] [ResolverUtil$Test:100] log desde fatal
[2021-12-19 23:04:02] [ DEBUG] [ResolverUtil$Test:96] Log desde debug
[2021-12-19 23:04:02] [ INFO ] [ResolverUtil$Test:97] log desde info
[2021-12-19 23:04:02] [ WARN ] [ResolverUtil$Test:98] log desde warn
[2021-12-19 23:04:02] [ ERROR] [ResolverUtil$Test:99] log desde error  
[2021-12-19 23:04:02] [ FATAL] [ResolverUtil$Test:100] log desde fatal
[2021-12-19 23:15:09] [ DEBUG] [ResolverUtil$Test:96] Log desde debug
[2021-12-19 23:15:09] [ INFO ] [ResolverUtil$Test:97] log desde info
[2021-12-19 23:15:09] [ WARN ] [ResolverUtil$Test:98] log desde warn
[2021-12-19 23:15:09] [ ERROR] [ResolverUtil$Test:99] log desde error  
[2021-12-19 23:15:09] [ FATAL] [ResolverUtil$Test:100] log desde fatal
[2021-12-19 23:17:01] [ DEBUG] [ResolverUtil$Test:96] Log desde debug
[2021-12-19 23:17:01] [ INFO ] [ResolverUtil$Test:97] log desde info
[2021-12-19 23:17:01] [ WARN ] [ResolverUtil$Test:98] log desde warn
[2021-12-19 23:17:01] [ ERROR] [ResolverUtil$Test:99] log desde error  
[2021-12-19 23:17:01] [ FATAL] [ResolverUtil$Test:100] log desde fatal
[2021-12-19 23:25:20] [ DEBUG] [ResolverUtil$Test:96] Log desde debug
[2021-12-19 23:25:20] [ INFO ] [ResolverUtil$Test:97] log desde info
[2021-12-19 23:25:20] [ WARN ] [ResolverUtil$Test:98] log desde warn
[2021-12-19 23:25:20] [ ERROR] [ResolverUtil$Test:99] log desde error  
[2021-12-19 23:25:20] [ FATAL] [ResolverUtil$Test:100] log desde fatal
[2021-12-19 23:26:38] [ DEBUG] [ResolverUtil$Test:96] Log desde debug
[2021-12-19 23:26:38] [ INFO ] [ResolverUtil$Test:97] log desde info
[2021-12-19 23:26:38] [ WARN ] [ResolverUtil$Test:98] log desde warn
[2021-12-19 23:26:38] [ ERROR] [ResolverUtil$Test:99] log desde error  
[2021-12-19 23:26:38] [ FATAL] [ResolverUtil$Test:100] log desde fatal
[2021-12-19 23:28:08] [ DEBUG] [ResolverUtil$Test:96] Log desde debug
[2021-12-19 23:28:08] [ INFO ] [ResolverUtil$Test:97] log desde info
[2021-12-19 23:28:08] [ WARN ] [ResolverUtil$Test:98] log desde warn
[2021-12-19 23:28:08] [ ERROR] [ResolverUtil$Test:99] log desde error  
[2021-12-19 23:28:08] [ FATAL] [ResolverUtil$Test:100] log desde fatal
[2021-12-19 23:29:04] [ DEBUG] [ResolverUtil$Test:96] Log desde debug
[2021-12-19 23:29:04] [ INFO ] [ResolverUtil$Test:97] log desde info
[2021-12-19 23:29:04] [ WARN ] [ResolverUtil$Test:98] log desde warn
[2021-12-19 23:29:04] [ ERROR] [ResolverUtil$Test:99] log desde error  
[2021-12-19 23:29:04] [ FATAL] [ResolverUtil$Test:100] log desde fatal
[2021-12-19 23:30:07] [ DEBUG] [ResolverUtil$Test:96] Log desde debug
[2021-12-19 23:30:07] [ INFO ] [ResolverUtil$Test:97] log desde info
[2021-12-19 23:30:07] [ WARN ] [ResolverUtil$Test:98] log desde warn
[2021-12-19 23:30:07] [ ERROR] [ResolverUtil$Test:99] log desde error  
[2021-12-19 23:30:07] [ FATAL] [ResolverUtil$Test:100] log desde fatal
[2021-12-19 23:35:02] [ DEBUG] [ResolverUtil$Test:96] Log desde debug
[2021-12-19 23:35:02] [ INFO ] [ResolverUtil$Test:97] log desde info
[2021-12-19 23:35:02] [ WARN ] [ResolverUtil$Test:98] log desde warn
[2021-12-19 23:35:02] [ ERROR] [ResolverUtil$Test:99] log desde error  
[2021-12-19 23:35:02] [ FATAL] [ResolverUtil$Test:100] log desde fatal
[2021-12-19 23:35:10] [ DEBUG] [ResolverUtil$Test:55] Log desde debug
[2021-12-19 23:35:10] [ INFO ] [ResolverUtil$Test:56] log desde info
[2021-12-19 23:35:10] [ WARN ] [ResolverUtil$Test:57] log desde warn
[2021-12-19 23:35:10] [ ERROR] [ResolverUtil$Test:58] log desde error  
[2021-12-19 23:35:10] [ FATAL] [ResolverUtil$Test:59] log desde fatal
[2021-12-19 23:38:57] [ DEBUG] [ResolverUtil$Test:96] Log desde debug
[2021-12-19 23:38:57] [ INFO ] [ResolverUtil$Test:97] log desde info
[2021-12-19 23:38:57] [ WARN ] [ResolverUtil$Test:98] log desde warn
[2021-12-19 23:38:57] [ ERROR] [ResolverUtil$Test:99] log desde error  
[2021-12-19 23:38:57] [ FATAL] [ResolverUtil$Test:100] log desde fatal
[2021-12-19 23:39:04] [ DEBUG] [ResolverUtil$Test:55] Log desde debug
[2021-12-19 23:39:04] [ INFO ] [ResolverUtil$Test:56] log desde info
[2021-12-19 23:39:04] [ WARN ] [ResolverUtil$Test:57] log desde warn
[2021-12-19 23:39:04] [ ERROR] [ResolverUtil$Test:58] log desde error  
[2021-12-19 23:39:04] [ FATAL] [ResolverUtil$Test:59] log desde fatal
[2021-12-19 23:39:56] [ DEBUG] [ResolverUtil$Test:96] Log desde debug
[2021-12-19 23:39:56] [ INFO ] [ResolverUtil$Test:97] log desde info
[2021-12-19 23:39:56] [ WARN ] [ResolverUtil$Test:98] log desde warn
[2021-12-19 23:39:56] [ ERROR] [ResolverUtil$Test:99] log desde error  
[2021-12-19 23:39:56] [ FATAL] [ResolverUtil$Test:100] log desde fatal
[2021-12-19 23:40:03] [ DEBUG] [ResolverUtil$Test:55] Log desde debug
[2021-12-19 23:40:03] [ INFO ] [ResolverUtil$Test:56] log desde info
[2021-12-19 23:40:03] [ WARN ] [ResolverUtil$Test:57] log desde warn
[2021-12-19 23:40:03] [ ERROR] [ResolverUtil$Test:58] log desde error  
[2021-12-19 23:40:03] [ FATAL] [ResolverUtil$Test:59] log desde fatal
[2021-12-19 23:48:07] [ DEBUG] [ResolverUtil$Test:96] Log desde debug
[2021-12-19 23:48:07] [ INFO ] [ResolverUtil$Test:97] log desde info
[2021-12-19 23:48:07] [ WARN ] [ResolverUtil$Test:98] log desde warn
[2021-12-19 23:48:07] [ ERROR] [ResolverUtil$Test:99] log desde error  
[2021-12-19 23:48:07] [ FATAL] [ResolverUtil$Test:100] log desde fatal
[2021-12-19 23:48:16] [ DEBUG] [ResolverUtil$Test:55] Log desde debug
[2021-12-19 23:48:16] [ INFO ] [ResolverUtil$Test:56] log desde info
[2021-12-19 23:48:16] [ WARN ] [ResolverUtil$Test:57] log desde warn
[2021-12-19 23:48:16] [ ERROR] [ResolverUtil$Test:58] log desde error  
[2021-12-19 23:48:16] [ FATAL] [ResolverUtil$Test:59] log desde fatal
[2021-12-19 23:51:12] [ DEBUG] [ResolverUtil$Test:96] Log desde debug
[2021-12-19 23:51:12] [ INFO ] [ResolverUtil$Test:97] log desde info
[2021-12-19 23:51:12] [ WARN ] [ResolverUtil$Test:98] log desde warn
[2021-12-19 23:51:12] [ ERROR] [ResolverUtil$Test:99] log desde error  
[2021-12-19 23:51:12] [ FATAL] [ResolverUtil$Test:100] log desde fatal
[2021-12-19 23:53:50] [ DEBUG] [ResolverUtil$Test:96] Log desde debug
[2021-12-19 23:53:50] [ INFO ] [ResolverUtil$Test:97] log desde info
[2021-12-19 23:53:50] [ WARN ] [ResolverUtil$Test:98] log desde warn
[2021-12-19 23:53:50] [ ERROR] [ResolverUtil$Test:99] log desde error  
[2021-12-19 23:53:50] [ FATAL] [ResolverUtil$Test:100] log desde fatal
[2021-12-20 00:00:10] [ DEBUG] [ResolverUtil$Test:96] Log desde debug
[2021-12-20 00:00:10] [ INFO ] [ResolverUtil$Test:97] log desde info
[2021-12-20 00:00:10] [ WARN ] [ResolverUtil$Test:98] log desde warn
[2021-12-20 00:00:10] [ ERROR] [ResolverUtil$Test:99] log desde error  
[2021-12-20 00:00:10] [ FATAL] [ResolverUtil$Test:100] log desde fatal
[2021-12-20 00:03:51] [ DEBUG] [ResolverUtil$Test:95] Log desde debug
[2021-12-20 00:03:51] [ INFO ] [ResolverUtil$Test:96] log desde info
[2021-12-20 00:03:51] [ WARN ] [ResolverUtil$Test:97] log desde warn
[2021-12-20 00:03:51] [ ERROR] [ResolverUtil$Test:98] log desde error  
[2021-12-20 00:03:51] [ FATAL] [ResolverUtil$Test:99] log desde fatal
[2021-12-20 00:07:00] [ DEBUG] [ResolverUtil$Test:95] Log desde debug
[2021-12-20 00:07:00] [ INFO ] [ResolverUtil$Test:96] log desde info
[2021-12-20 00:07:00] [ WARN ] [ResolverUtil$Test:97] log desde warn
[2021-12-20 00:07:00] [ ERROR] [ResolverUtil$Test:98] log desde error  
[2021-12-20 00:07:00] [ FATAL] [ResolverUtil$Test:99] log desde fatal
[2021-12-20 00:07:35] [ DEBUG] [ResolverUtil$Test:95] Log desde debug
[2021-12-20 00:07:35] [ INFO ] [ResolverUtil$Test:96] log desde info
[2021-12-20 00:07:35] [ WARN ] [ResolverUtil$Test:97] log desde warn
[2021-12-20 00:07:35] [ ERROR] [ResolverUtil$Test:98] log desde error  
[2021-12-20 00:07:35] [ FATAL] [ResolverUtil$Test:99] log desde fatal
[2021-12-20 10:04:34] [ DEBUG] [ResolverUtil$Test:92] Log desde debug
[2021-12-20 10:04:34] [ INFO ] [ResolverUtil$Test:93] log desde info
[2021-12-20 10:04:34] [ WARN ] [ResolverUtil$Test:94] log desde warn
[2021-12-20 10:04:34] [ ERROR] [ResolverUtil$Test:95] log desde error  
[2021-12-20 10:04:34] [ FATAL] [ResolverUtil$Test:96] log desde fatal
[2021-12-20 10:04:54] [ DEBUG] [ResolverUtil$Test:54] Log desde debug
[2021-12-20 10:04:54] [ INFO ] [ResolverUtil$Test:55] log desde info
[2021-12-20 10:04:54] [ WARN ] [ResolverUtil$Test:56] log desde warn
[2021-12-20 10:04:54] [ ERROR] [ResolverUtil$Test:57] log desde error  
[2021-12-20 10:04:54] [ FATAL] [ResolverUtil$Test:58] log desde fatal
[2021-12-20 12:20:25] [ DEBUG] [ResolverUtil$Test:93] Log desde debug
[2021-12-20 12:20:25] [ INFO ] [ResolverUtil$Test:94] log desde info
[2021-12-20 12:20:25] [ WARN ] [ResolverUtil$Test:95] log desde warn
[2021-12-20 12:20:25] [ ERROR] [ResolverUtil$Test:96] log desde error  
[2021-12-20 12:20:25] [ FATAL] [ResolverUtil$Test:97] log desde fatal
[2021-12-20 12:20:44] [ DEBUG] [ResolverUtil$Test:54] Log desde debug
[2021-12-20 12:20:44] [ INFO ] [ResolverUtil$Test:55] log desde info
[2021-12-20 12:20:44] [ WARN ] [ResolverUtil$Test:56] log desde warn
[2021-12-20 12:20:44] [ ERROR] [ResolverUtil$Test:57] log desde error  
[2021-12-20 12:20:44] [ FATAL] [ResolverUtil$Test:58] log desde fatal
[2021-12-20 12:25:38] [ DEBUG] [ResolverUtil$Test:93] Log desde debug
[2021-12-20 12:25:38] [ INFO ] [ResolverUtil$Test:94] log desde info
[2021-12-20 12:25:38] [ WARN ] [ResolverUtil$Test:95] log desde warn
[2021-12-20 12:25:38] [ ERROR] [ResolverUtil$Test:96] log desde error  
[2021-12-20 12:25:38] [ FATAL] [ResolverUtil$Test:97] log desde fatal
[2021-12-20 12:25:55] [ DEBUG] [ResolverUtil$Test:56] Log desde debug
[2021-12-20 12:25:55] [ INFO ] [ResolverUtil$Test:57] log desde info
[2021-12-20 12:25:55] [ WARN ] [ResolverUtil$Test:58] log desde warn
[2021-12-20 12:25:55] [ ERROR] [ResolverUtil$Test:59] log desde error  
[2021-12-20 12:25:55] [ FATAL] [ResolverUtil$Test:60] log desde fatal
[2021-12-20 12:27:35] [ DEBUG] [ResolverUtil$Test:56] Log desde debug
[2021-12-20 12:27:35] [ INFO ] [ResolverUtil$Test:57] log desde info
[2021-12-20 12:27:35] [ WARN ] [ResolverUtil$Test:58] log desde warn
[2021-12-20 12:27:35] [ ERROR] [ResolverUtil$Test:59] log desde error  
[2021-12-20 12:27:35] [ FATAL] [ResolverUtil$Test:60] log desde fatal
[2021-12-20 12:33:38] [ DEBUG] [ResolverUtil$Test:56] Log desde debug
[2021-12-20 12:33:38] [ INFO ] [ResolverUtil$Test:57] log desde info
[2021-12-20 12:33:38] [ WARN ] [ResolverUtil$Test:58] log desde warn
[2021-12-20 12:33:38] [ ERROR] [ResolverUtil$Test:59] log desde error  
[2021-12-20 12:33:38] [ FATAL] [ResolverUtil$Test:60] log desde fatal
[2021-12-20 13:29:47] [ DEBUG] [ResolverUtil$Test:92] Log desde debug
[2021-12-20 13:29:47] [ INFO ] [ResolverUtil$Test:93] log desde info
[2021-12-20 13:29:47] [ WARN ] [ResolverUtil$Test:94] log desde warn
[2021-12-20 13:29:47] [ ERROR] [ResolverUtil$Test:95] log desde error  
[2021-12-20 13:29:47] [ FATAL] [ResolverUtil$Test:96] log desde fatal
[2021-12-20 13:35:40] [ DEBUG] [ResolverUtil$Test:92] Log desde debug
[2021-12-20 13:35:40] [ INFO ] [ResolverUtil$Test:93] log desde info
[2021-12-20 13:35:40] [ WARN ] [ResolverUtil$Test:94] log desde warn
[2021-12-20 13:35:40] [ ERROR] [ResolverUtil$Test:95] log desde error  
[2021-12-20 13:35:40] [ FATAL] [ResolverUtil$Test:96] log desde fatal
[2021-12-20 13:36:41] [ DEBUG] [ResolverUtil$Test:92] Log desde debug
[2021-12-20 13:36:41] [ INFO ] [ResolverUtil$Test:93] log desde info
[2021-12-20 13:36:41] [ WARN ] [ResolverUtil$Test:94] log desde warn
[2021-12-20 13:36:41] [ ERROR] [ResolverUtil$Test:95] log desde error  
[2021-12-20 13:36:41] [ FATAL] [ResolverUtil$Test:96] log desde fatal
[2021-12-20 13:37:31] [ DEBUG] [ResolverUtil$Test:92] Log desde debug
[2021-12-20 13:37:31] [ INFO ] [ResolverUtil$Test:93] log desde info
[2021-12-20 13:37:31] [ WARN ] [ResolverUtil$Test:94] log desde warn
[2021-12-20 13:37:31] [ ERROR] [ResolverUtil$Test:95] log desde error  
[2021-12-20 13:37:31] [ FATAL] [ResolverUtil$Test:96] log desde fatal
[2021-12-20 14:17:02] [ DEBUG] [ResolverUtil$Test:89] Log desde debug
[2021-12-20 14:17:02] [ INFO ] [ResolverUtil$Test:90] log desde info
[2021-12-20 14:17:02] [ WARN ] [ResolverUtil$Test:91] log desde warn
[2021-12-20 14:17:02] [ ERROR] [ResolverUtil$Test:92] log desde error  
[2021-12-20 14:17:02] [ FATAL] [ResolverUtil$Test:93] log desde fatal
[2021-12-20 14:25:23] [ DEBUG] [ResolverUtil$Test:88] Log desde debug
[2021-12-20 14:25:23] [ INFO ] [ResolverUtil$Test:89] log desde info
[2021-12-20 14:25:23] [ WARN ] [ResolverUtil$Test:90] log desde warn
[2021-12-20 14:25:23] [ ERROR] [ResolverUtil$Test:91] log desde error  
[2021-12-20 14:25:23] [ FATAL] [ResolverUtil$Test:92] log desde fatal
[2021-12-20 14:31:37] [ DEBUG] [ResolverUtil$Test:88] Log desde debug
[2021-12-20 14:31:37] [ INFO ] [ResolverUtil$Test:89] log desde info
[2021-12-20 14:31:37] [ WARN ] [ResolverUtil$Test:90] log desde warn
[2021-12-20 14:31:37] [ ERROR] [ResolverUtil$Test:91] log desde error  
[2021-12-20 14:31:37] [ FATAL] [ResolverUtil$Test:92] log desde fatal
[2021-12-20 15:14:09] [ DEBUG] [ResolverUtil$Test:88] Log desde debug
[2021-12-20 15:14:09] [ INFO ] [ResolverUtil$Test:89] log desde info
[2021-12-20 15:14:09] [ WARN ] [ResolverUtil$Test:90] log desde warn
[2021-12-20 15:14:09] [ ERROR] [ResolverUtil$Test:91] log desde error  
[2021-12-20 15:14:09] [ FATAL] [ResolverUtil$Test:92] log desde fatal
[2021-12-20 15:14:29] [ DEBUG] [ResolverUtil$Test:53] Log desde debug
[2021-12-20 15:14:29] [ INFO ] [ResolverUtil$Test:54] log desde info
[2021-12-20 15:14:29] [ WARN ] [ResolverUtil$Test:55] log desde warn
[2021-12-20 15:14:29] [ ERROR] [ResolverUtil$Test:56] log desde error  
[2021-12-20 15:14:29] [ FATAL] [ResolverUtil$Test:57] log desde fatal
[2021-12-20 15:24:21] [ DEBUG] [ResolverUtil$Test:88] Log desde debug
[2021-12-20 15:24:21] [ INFO ] [ResolverUtil$Test:89] log desde info
[2021-12-20 15:24:21] [ WARN ] [ResolverUtil$Test:90] log desde warn
[2021-12-20 15:24:21] [ ERROR] [ResolverUtil$Test:91] log desde error  
[2021-12-20 15:24:21] [ FATAL] [ResolverUtil$Test:92] log desde fatal
[2021-12-20 15:24:41] [ DEBUG] [ResolverUtil$Test:53] Log desde debug
[2021-12-20 15:24:41] [ INFO ] [ResolverUtil$Test:54] log desde info
[2021-12-20 15:24:41] [ WARN ] [ResolverUtil$Test:55] log desde warn
[2021-12-20 15:24:41] [ ERROR] [ResolverUtil$Test:56] log desde error  
[2021-12-20 15:24:41] [ FATAL] [ResolverUtil$Test:57] log desde fatal
[2021-12-20 15:25:29] [ DEBUG] [ResolverUtil$Test:88] Log desde debug
[2021-12-20 15:25:29] [ INFO ] [ResolverUtil$Test:89] log desde info
[2021-12-20 15:25:29] [ WARN ] [ResolverUtil$Test:90] log desde warn
[2021-12-20 15:25:29] [ ERROR] [ResolverUtil$Test:91] log desde error  
[2021-12-20 15:25:29] [ FATAL] [ResolverUtil$Test:92] log desde fatal
[2021-12-20 15:25:45] [ DEBUG] [ResolverUtil$Test:53] Log desde debug
[2021-12-20 15:25:45] [ INFO ] [ResolverUtil$Test:54] log desde info
[2021-12-20 15:25:45] [ WARN ] [ResolverUtil$Test:55] log desde warn
[2021-12-20 15:25:45] [ ERROR] [ResolverUtil$Test:56] log desde error  
[2021-12-20 15:25:45] [ FATAL] [ResolverUtil$Test:57] log desde fatal
[2021-12-20 15:47:49] [ DEBUG] [ResolverUtil$Test:88] Log desde debug
[2021-12-20 15:47:49] [ INFO ] [ResolverUtil$Test:89] log desde info
[2021-12-20 15:47:49] [ WARN ] [ResolverUtil$Test:90] log desde warn
[2021-12-20 15:47:49] [ ERROR] [ResolverUtil$Test:91] log desde error  
[2021-12-20 15:47:49] [ FATAL] [ResolverUtil$Test:92] log desde fatal
[2021-12-20 15:48:08] [ DEBUG] [ResolverUtil$Test:53] Log desde debug
[2021-12-20 15:48:08] [ INFO ] [ResolverUtil$Test:54] log desde info
[2021-12-20 15:48:08] [ WARN ] [ResolverUtil$Test:55] log desde warn
[2021-12-20 15:48:08] [ ERROR] [ResolverUtil$Test:56] log desde error  
[2021-12-20 15:48:08] [ FATAL] [ResolverUtil$Test:57] log desde fatal
[2021-12-20 17:44:40] [ DEBUG] [ResolverUtil$Test:66] Log desde debug
[2021-12-20 17:44:40] [ INFO ] [ResolverUtil$Test:67] log desde info
[2021-12-20 17:44:40] [ WARN ] [ResolverUtil$Test:68] log desde warn
[2021-12-20 17:44:40] [ ERROR] [ResolverUtil$Test:69] log desde error  
[2021-12-20 17:44:40] [ FATAL] [ResolverUtil$Test:70] log desde fatal
[2021-12-20 17:45:50] [ DEBUG] [ResolverUtil$Test:66] Log desde debug
[2021-12-20 17:45:50] [ INFO ] [ResolverUtil$Test:67] log desde info
[2021-12-20 17:45:50] [ WARN ] [ResolverUtil$Test:68] log desde warn
[2021-12-20 17:45:50] [ ERROR] [ResolverUtil$Test:69] log desde error  
[2021-12-20 17:45:50] [ FATAL] [ResolverUtil$Test:70] log desde fatal
[2021-12-20 17:48:34] [ DEBUG] [ResolverUtil$Test:66] Log desde debug
[2021-12-20 17:48:34] [ INFO ] [ResolverUtil$Test:67] log desde info
[2021-12-20 17:48:34] [ WARN ] [ResolverUtil$Test:68] log desde warn
[2021-12-20 17:48:34] [ ERROR] [ResolverUtil$Test:69] log desde error  
[2021-12-20 17:48:34] [ FATAL] [ResolverUtil$Test:70] log desde fatal
[2021-12-20 17:53:47] [ DEBUG] [ResolverUtil$Test:66] Log desde debug
[2021-12-20 17:53:47] [ INFO ] [ResolverUtil$Test:67] log desde info
[2021-12-20 17:53:47] [ WARN ] [ResolverUtil$Test:68] log desde warn
[2021-12-20 17:53:47] [ ERROR] [ResolverUtil$Test:69] log desde error  
[2021-12-20 17:53:47] [ FATAL] [ResolverUtil$Test:70] log desde fatal
[2021-12-20 17:54:30] [ DEBUG] [ResolverUtil$Test:66] Log desde debug
[2021-12-20 17:54:30] [ INFO ] [ResolverUtil$Test:67] log desde info
[2021-12-20 17:54:30] [ WARN ] [ResolverUtil$Test:68] log desde warn
[2021-12-20 17:54:30] [ ERROR] [ResolverUtil$Test:69] log desde error  
[2021-12-20 17:54:30] [ FATAL] [ResolverUtil$Test:70] log desde fatal
[2021-12-20 18:07:03] [ DEBUG] [ResolverUtil$Test:64] Log desde debug
[2021-12-20 18:07:03] [ INFO ] [ResolverUtil$Test:65] log desde info
[2021-12-20 18:07:03] [ WARN ] [ResolverUtil$Test:66] log desde warn
[2021-12-20 18:07:03] [ ERROR] [ResolverUtil$Test:67] log desde error  
[2021-12-20 18:07:03] [ FATAL] [ResolverUtil$Test:68] log desde fatal
[2021-12-20 18:25:50] [ DEBUG] [ResolverUtil$Test:99] Log desde debug
[2021-12-20 18:25:50] [ INFO ] [ResolverUtil$Test:100] log desde info
[2021-12-20 18:25:50] [ WARN ] [ResolverUtil$Test:101] log desde warn
[2021-12-20 18:25:50] [ ERROR] [ResolverUtil$Test:102] log desde error  
[2021-12-20 18:25:50] [ FATAL] [ResolverUtil$Test:103] log desde fatal
[2021-12-20 18:26:50] [ DEBUG] [ResolverUtil$Test:99] Log desde debug
[2021-12-20 18:26:50] [ INFO ] [ResolverUtil$Test:100] log desde info
[2021-12-20 18:26:50] [ WARN ] [ResolverUtil$Test:101] log desde warn
[2021-12-20 18:26:50] [ ERROR] [ResolverUtil$Test:102] log desde error  
[2021-12-20 18:26:50] [ FATAL] [ResolverUtil$Test:103] log desde fatal
[2021-12-20 18:30:22] [ DEBUG] [ResolverUtil$Test:99] Log desde debug
[2021-12-20 18:30:22] [ INFO ] [ResolverUtil$Test:100] log desde info
[2021-12-20 18:30:22] [ WARN ] [ResolverUtil$Test:101] log desde warn
[2021-12-20 18:30:22] [ ERROR] [ResolverUtil$Test:102] log desde error  
[2021-12-20 18:30:22] [ FATAL] [ResolverUtil$Test:103] log desde fatal
[2021-12-20 18:31:52] [ DEBUG] [ResolverUtil$Test:99] Log desde debug
[2021-12-20 18:31:52] [ INFO ] [ResolverUtil$Test:100] log desde info
[2021-12-20 18:31:52] [ WARN ] [ResolverUtil$Test:101] log desde warn
[2021-12-20 18:31:52] [ ERROR] [ResolverUtil$Test:102] log desde error  
[2021-12-20 18:31:52] [ FATAL] [ResolverUtil$Test:103] log desde fatal
[2021-12-20 18:54:40] [ DEBUG] [ResolverUtil$Test:99] Log desde debug
[2021-12-20 18:54:40] [ INFO ] [ResolverUtil$Test:100] log desde info
[2021-12-20 18:54:40] [ WARN ] [ResolverUtil$Test:101] log desde warn
[2021-12-20 18:54:40] [ ERROR] [ResolverUtil$Test:102] log desde error  
[2021-12-20 18:54:40] [ FATAL] [ResolverUtil$Test:103] log desde fatal
[2021-12-20 19:00:57] [ DEBUG] [ResolverUtil$Test:99] Log desde debug
[2021-12-20 19:00:57] [ INFO ] [ResolverUtil$Test:100] log desde info
[2021-12-20 19:00:57] [ WARN ] [ResolverUtil$Test:101] log desde warn
[2021-12-20 19:00:57] [ ERROR] [ResolverUtil$Test:102] log desde error  
[2021-12-20 19:00:57] [ FATAL] [ResolverUtil$Test:103] log desde fatal
[2021-12-20 19:02:14] [ DEBUG] [ResolverUtil$Test:99] Log desde debug
[2021-12-20 19:02:14] [ INFO ] [ResolverUtil$Test:100] log desde info
[2021-12-20 19:02:14] [ WARN ] [ResolverUtil$Test:101] log desde warn
[2021-12-20 19:02:14] [ ERROR] [ResolverUtil$Test:102] log desde error  
[2021-12-20 19:02:14] [ FATAL] [ResolverUtil$Test:103] log desde fatal
[2021-12-20 19:04:13] [ DEBUG] [ResolverUtil$Test:99] Log desde debug
[2021-12-20 19:04:13] [ INFO ] [ResolverUtil$Test:100] log desde info
[2021-12-20 19:04:13] [ WARN ] [ResolverUtil$Test:101] log desde warn
[2021-12-20 19:04:13] [ ERROR] [ResolverUtil$Test:102] log desde error  
[2021-12-20 19:04:13] [ FATAL] [ResolverUtil$Test:103] log desde fatal
[2021-12-20 19:08:44] [ DEBUG] [ResolverUtil$Test:99] Log desde debug
[2021-12-20 19:08:44] [ INFO ] [ResolverUtil$Test:100] log desde info
[2021-12-20 19:08:44] [ WARN ] [ResolverUtil$Test:101] log desde warn
[2021-12-20 19:08:44] [ ERROR] [ResolverUtil$Test:102] log desde error  
[2021-12-20 19:08:44] [ FATAL] [ResolverUtil$Test:103] log desde fatal
[2021-12-20 19:09:56] [ DEBUG] [ResolverUtil$Test:99] Log desde debug
[2021-12-20 19:09:56] [ INFO ] [ResolverUtil$Test:100] log desde info
[2021-12-20 19:09:56] [ WARN ] [ResolverUtil$Test:101] log desde warn
[2021-12-20 19:09:56] [ ERROR] [ResolverUtil$Test:102] log desde error  
[2021-12-20 19:09:56] [ FATAL] [ResolverUtil$Test:103] log desde fatal
[2021-12-20 19:13:22] [ DEBUG] [ResolverUtil$Test:99] Log desde debug
[2021-12-20 19:13:22] [ INFO ] [ResolverUtil$Test:100] log desde info
[2021-12-20 19:13:22] [ WARN ] [ResolverUtil$Test:101] log desde warn
[2021-12-20 19:13:22] [ ERROR] [ResolverUtil$Test:102] log desde error  
[2021-12-20 19:13:22] [ FATAL] [ResolverUtil$Test:103] log desde fatal
[2021-12-20 19:15:43] [ DEBUG] [ResolverUtil$Test:99] Log desde debug
[2021-12-20 19:15:43] [ INFO ] [ResolverUtil$Test:100] log desde info
[2021-12-20 19:15:43] [ WARN ] [ResolverUtil$Test:101] log desde warn
[2021-12-20 19:15:43] [ ERROR] [ResolverUtil$Test:102] log desde error  
[2021-12-20 19:15:43] [ FATAL] [ResolverUtil$Test:103] log desde fatal
[2021-12-20 19:16:26] [ DEBUG] [ResolverUtil$Test:99] Log desde debug
[2021-12-20 19:16:26] [ INFO ] [ResolverUtil$Test:100] log desde info
[2021-12-20 19:16:26] [ WARN ] [ResolverUtil$Test:101] log desde warn
[2021-12-20 19:16:26] [ ERROR] [ResolverUtil$Test:102] log desde error  
[2021-12-20 19:16:26] [ FATAL] [ResolverUtil$Test:103] log desde fatal
[2021-12-20 19:19:17] [ DEBUG] [ResolverUtil$Test:99] Log desde debug
[2021-12-20 19:19:17] [ INFO ] [ResolverUtil$Test:100] log desde info
[2021-12-20 19:19:17] [ WARN ] [ResolverUtil$Test:101] log desde warn
[2021-12-20 19:19:17] [ ERROR] [ResolverUtil$Test:102] log desde error  
[2021-12-20 19:19:17] [ FATAL] [ResolverUtil$Test:103] log desde fatal
[2021-12-20 19:25:57] [ DEBUG] [ResolverUtil$Test:99] Log desde debug
[2021-12-20 19:25:57] [ INFO ] [ResolverUtil$Test:100] log desde info
[2021-12-20 19:25:57] [ WARN ] [ResolverUtil$Test:101] log desde warn
[2021-12-20 19:25:57] [ ERROR] [ResolverUtil$Test:102] log desde error  
[2021-12-20 19:25:57] [ FATAL] [ResolverUtil$Test:103] log desde fatal
[2021-12-20 19:37:19] [ DEBUG] [ResolverUtil$Test:99] Log desde debug
[2021-12-20 19:37:19] [ INFO ] [ResolverUtil$Test:100] log desde info
[2021-12-20 19:37:19] [ WARN ] [ResolverUtil$Test:101] log desde warn
[2021-12-20 19:37:19] [ ERROR] [ResolverUtil$Test:102] log desde error  
[2021-12-20 19:37:19] [ FATAL] [ResolverUtil$Test:103] log desde fatal
[2021-12-20 19:37:39] [ DEBUG] [ResolverUtil$Test:64] Log desde debug
[2021-12-20 19:37:39] [ INFO ] [ResolverUtil$Test:65] log desde info
[2021-12-20 19:37:39] [ WARN ] [ResolverUtil$Test:66] log desde warn
[2021-12-20 19:37:39] [ ERROR] [ResolverUtil$Test:67] log desde error  
[2021-12-20 19:37:39] [ FATAL] [ResolverUtil$Test:68] log desde fatal
